\BOOKMARK [0][-]{chapter*.1}{Table of Contents}{}% 1
\BOOKMARK [0][-]{chapter*.2}{List of Figures}{}% 2
\BOOKMARK [0][-]{chapter*.3}{List of Tables}{}% 3
\BOOKMARK [0][-]{chapter.1}{Vectors and Matrices}{}% 4
\BOOKMARK [1][-]{section.1.1}{Vectors}{chapter.1}% 5
\BOOKMARK [2][-]{subsection.1.1.1}{Addition of Vectors}{section.1.1}% 6
\BOOKMARK [2][-]{subsection.1.1.2}{Scalar Multiplication}{section.1.1}% 7
\BOOKMARK [2][-]{subsection.1.1.3}{The Inner Product of Two Vectors}{section.1.1}% 8
\BOOKMARK [2][-]{subsection.1.1.4}{Orthogonality}{section.1.1}% 9
\BOOKMARK [1][-]{section.1.2}{Matrices}{chapter.1}% 10
\BOOKMARK [2][-]{subsection.1.2.1}{Vector by Matrix Multiplication}{section.1.2}% 11
\BOOKMARK [2][-]{subsection.1.2.2}{Matrix by Matrix Multiplication}{section.1.2}% 12
\BOOKMARK [2][-]{subsection.1.2.3}{Non-Commutativity}{section.1.2}% 13
\BOOKMARK [2][-]{subsection.1.2.4}{Associativity}{section.1.2}% 14
\BOOKMARK [2][-]{subsection.1.2.5}{Invariant Vectors}{section.1.2}% 15
\BOOKMARK [2][-]{subsection.1.2.6}{The Matrix Transpose}{section.1.2}% 16
\BOOKMARK [2][-]{subsection.1.2.7}{Symmetric Matrices}{section.1.2}% 17
\BOOKMARK [2][-]{subsection.1.2.8}{Hermitian Matrices}{section.1.2}% 18
\BOOKMARK [2][-]{subsection.1.2.9}{Orthogonal Matrices}{section.1.2}% 19
\BOOKMARK [2][-]{subsection.1.2.10}{Unitary Matrices}{section.1.2}% 20
\BOOKMARK [2][-]{subsection.1.2.11}{Matrix Determinant}{section.1.2}% 21
\BOOKMARK [2][-]{subsection.1.2.12}{Properties of the Matrix Determinant}{section.1.2}% 22
\BOOKMARK [2][-]{subsection.1.2.13}{The Matrix Trace}{section.1.2}% 23
\BOOKMARK [2][-]{subsection.1.2.14}{Eigenvectors and Eigenvalues of a Matrix}{section.1.2}% 24
\BOOKMARK [2][-]{subsection.1.2.15}{Other Matrix Properties}{section.1.2}% 25
\BOOKMARK [2][-]{subsection.1.2.16}{The Matrix Inversion Lemma}{section.1.2}% 26
\BOOKMARK [0][-]{chapter*.4}{References}{}% 27
